<?xml version="1.0" encoding="UTF-8"?>
<testng-results ignored="0" total="1" passed="1" failed="0" skipped="0">
  <reporter-output>
  </reporter-output>
  <suite started-at="2021-04-12T16:15:41 IST" name="Suite" finished-at="2021-04-12T16:20:06 IST" duration-ms="264915">
    <groups>
    </groups>
    <test started-at="2021-04-12T16:15:41 IST" name="Test" finished-at="2021-04-12T16:20:06 IST" duration-ms="264915">
      <class name="Akara.Smoke">
        <test-method signature="launch()[pri:0, instance:Akara.Smoke@a2431d0]" started-at="2021-04-12T16:15:41 IST" name="launch" finished-at="2021-04-12T16:20:06 IST" duration-ms="264834" status="PASS">
          <reporter-output>
          </reporter-output>
        </test-method> <!-- launch -->
      </class> <!-- Akara.Smoke -->
    </test> <!-- Test -->
  </suite> <!-- Suite -->
</testng-results>
